<?xml version="1.0" encoding="UTF-8" ?>
<testsuite errors="0" failures="0" hostname="juliosueirasstuff" name="pricing.RentalBeanTest" skipped="0" tests="34" time="0.228" timestamp="2014-11-20T19:45:34">
  <properties>
    <property name="default.javac.source" value="1.4" />
    <property name="file.encoding.pkg" value="sun.io" />
    <property name="javac.source" value="1.8" />
    <property name="testng.debug.mode" value="" />
    <property name="java.home" value="/usr/lib/jvm/java-8-oracle/jre" />
    <property name="jspc.schemas" value="/resources/schemas/" />
    <property name="test.src.dir" value="test" />
    <property name="javadoc.version" value="false" />
    <property name="libs.CopyLibs.classpath" value="/root/java3FinalProject/lib/CopyLibs/org-netbeans-modules-java-j2seproject-copylibstask.jar" />
    <property name="auxiliary.org-netbeans-modules-css-prep.less_2e_mappings" value="/less:/css" />
    <property name="do.tmp.war.package.with.custom.manifest" value="true" />
    <property name="libraries.path" value="/root/java3FinalProject/lib/nblibraries.properties" />
    <property name="java.endorsed.dirs" value="/usr/lib/jvm/java-8-oracle/jre/lib/endorsed" />
    <property name="libs.javaee-endorsed-api-7.0.displayName" value="Java EE 7 Endorsed API Library" />
    <property name="src.dir" value="src/java" />
    <property name="debug-args-line" value="-Xdebug" />
    <property name="source.root" value="src" />
    <property name="have.sources" value="true" />
    <property name="includes" value="**" />
    <property name="javac.fork" value="false" />
    <property name="source.encoding" value="UTF-8" />
    <property name="application.args.param" value="" />
    <property name="auxiliary.org-netbeans-modules-css-prep.sass_2e_compiler_2e_options" value="" />
    <property name="sun.os.patch.level" value="unknown" />
    <property name="auxiliary.org-netbeans-modules-css-prep.sass_2e_enabled" value="false" />
    <property name="java.vendor.url" value="http://java.oracle.com/" />
    <property name="do.display.browser.debug.old" value="true" />
    <property name="java.version" value="1.8.0_25" />
    <property name="build.web.excludes" value="**/*.java,**/*.form" />
    <property name="libs.Java-EE-GlassFish-v3-Prelude.displayName" value="Java EE from GlassFish" />
    <property name="javac.debug" value="true" />
    <property name="display.browser" value="true" />
    <property name="conf.dir" value="src/conf" />
    <property name="deploy.ant.properties.file" value="/home/juliosueiras/.netbeans/8.0.1/tomcat80.properties" />
    <property name="java.vendor.url.bug" value="http://bugreport.sun.com/bugreport/" />
    <property name="ant.file.finalProject-impl" value="/root/java3FinalProject/nbproject/build-impl.xml" />
    <property name="ant.project.invoked-targets" value="test" />
    <property name="client.urlPart" value="" />
    <property name="annotation.processing.run.all.processors" value="true" />
    <property name="user.name" value="root" />
    <property name="j2ee.deploy.on.save" value="true" />
    <property name="empty.dir" value="/root/java3FinalProject/build/empty" />
    <property name="has.custom.manifest" value="true" />
    <property name="build.meta.inf.dir" value="build/web/META-INF" />
    <property name="sun.io.unicode.encoding" value="UnicodeLittle" />
    <property name="libs.Java-EE-GlassFish-v3-Prelude.classpath" value="/root/java3FinalProject/lib/Java-EE-GlassFish-v3-Prelude/webservices-api-osgi.jar:/root/java3FinalProject/lib/Java-EE-GlassFish-v3-Prelude/javax.annotation-api.jar:/root/java3FinalProject/lib/Java-EE-GlassFish-v3-Prelude/jaxb-api.jar:/root/java3FinalProject/lib/Java-EE-GlassFish-v3-Prelude/javax.servlet.jsp.jstl.jar:/root/java3FinalProject/lib/Java-EE-GlassFish-v3-Prelude/javax.ejb-api.jar:/root/java3FinalProject/lib/Java-EE-GlassFish-v3-Prelude/javax.enterprise.concurrent-api.jar:/root/java3FinalProject/lib/Java-EE-GlassFish-v3-Prelude/javax.interceptor-api.jar:/root/java3FinalProject/lib/Java-EE-GlassFish-v3-Prelude/javax.ws.rs-api.jar:/root/java3FinalProject/lib/Java-EE-GlassFish-v3-Prelude/javax.enterprise.deploy-api.jar:/root/java3FinalProject/lib/Java-EE-GlassFish-v3-Prelude/javax.el.jar:/root/java3FinalProject/lib/Java-EE-GlassFish-v3-Prelude/javax.enterprise.concurrent.jar:/root/java3FinalProject/lib/Java-EE-GlassFish-v3-Prelude/javax.servlet.jsp-api.jar:/root/java3FinalProject/lib/Java-EE-GlassFish-v3-Prelude/javax.xml.registry-api.jar:/root/java3FinalProject/lib/Java-EE-GlassFish-v3-Prelude/javax.servlet.jsp.jar:/root/java3FinalProject/lib/Java-EE-GlassFish-v3-Prelude/javax.security.auth.message-api.jar:/root/java3FinalProject/lib/Java-EE-GlassFish-v3-Prelude/javax.websocket-api.jar:/root/java3FinalProject/lib/Java-EE-GlassFish-v3-Prelude/javax.resource-api.jar:/root/java3FinalProject/lib/Java-EE-GlassFish-v3-Prelude/bean-validator.jar:/root/java3FinalProject/lib/Java-EE-GlassFish-v3-Prelude/webservices-osgi.jar:/root/java3FinalProject/lib/Java-EE-GlassFish-v3-Prelude/jaxb-osgi.jar:/root/java3FinalProject/lib/Java-EE-GlassFish-v3-Prelude/javax.json.jar:/root/java3FinalProject/lib/Java-EE-GlassFish-v3-Prelude/javax.batch-api.jar:/root/java3FinalProject/lib/Java-EE-GlassFish-v3-Prelude/javax.inject.jar:/root/java3FinalProject/lib/Java-EE-GlassFish-v3-Prelude/javax.servlet.jsp.jstl-api.jar:/root/java3FinalProject/lib/Java-EE-GlassFish-v3-Prelude/javax.persistence.jar:/root/java3FinalProject/lib/Java-EE-GlassFish-v3-Prelude/javax.servlet-api.jar:/root/java3FinalProject/lib/Java-EE-GlassFish-v3-Prelude/javax.mail.jar:/root/java3FinalProject/lib/Java-EE-GlassFish-v3-Prelude/javax.faces.jar:/root/java3FinalProject/lib/Java-EE-GlassFish-v3-Prelude/javax.management.j2ee-api.jar:/root/java3FinalProject/lib/Java-EE-GlassFish-v3-Prelude/javax.security.jacc-api.jar:/root/java3FinalProject/lib/Java-EE-GlassFish-v3-Prelude/weld-osgi-bundle.jar:/root/java3FinalProject/lib/Java-EE-GlassFish-v3-Prelude/javax.xml.rpc-api.jar:/root/java3FinalProject/lib/Java-EE-GlassFish-v3-Prelude/javax.jms-api.jar:/root/java3FinalProject/lib/Java-EE-GlassFish-v3-Prelude/javax.transaction-api.jar:/root/java3FinalProject/lib/Java-EE-GlassFish-v3-Prelude/jaxm-api.jar" />
    <property name="sun.jnu.encoding" value="UTF-8" />
    <property name="do.war.package.with.custom.manifest" value="true" />
    <property name="java.runtime.name" value="Java(TM) SE Runtime Environment" />
    <property name="lib.dir" value="web/WEB-INF/lib" />
    <property name="java.specification.name" value="Java Platform API Specification" />
    <property name="javadoc.author" value="false" />
    <property name="ap.proc.none.internal" value="" />
    <property name="user.timezone" value="America/New_York" />
    <property name="web.docbase.dir" value="web" />
    <property name="path.separator" value=":" />
    <property name="testng.mode" value="testng" />
    <property name="version-output" value="java version &quot;1.8" />
    <property name="j2ee.server.home" value="/home/juliosueiras/Servers/Tomcat8" />
    <property name="file.encoding" value="UTF-8" />
    <property name="dist.javadoc.dir" value="dist/javadoc" />
    <property name="ant.project.default-target" value="default" />
    <property name="sun.java.command" value="org.apache.tools.ant.taskdefs.optional.junit.JUnitTestRunner pricing.RentalBeanTest skipNonTests=false filtertrace=true haltOnError=false haltOnFailure=false showoutput=true outputtoformatters=true logfailedtests=true logtestlistenerevents=false formatter=org.apache.tools.ant.taskdefs.optional.junit.BriefJUnitResultFormatter formatter=org.apache.tools.ant.taskdefs.optional.junit.XMLJUnitResultFormatter,/root/java3FinalProject/build/test/results/TEST-pricing.RentalBeanTest.xml crashfile=/root/java3FinalProject/build/junitvmwatcher2196639096835784139.properties propsfile=/root/java3FinalProject/build/junit1215789908914041292.properties" />
    <property name="libs.CopyLibs.displayName" value="CopyLibs Task" />
    <property name="servlet.jar" value="web/WEB-INF/tomcat8/servlet-api.jar" />
    <property name="ant.file" value="/root/java3FinalProject/build.xml" />
    <property name="persistence.xml.dir" value="src/conf" />
    <property name="libs.junit_4.src" value="/root/java3FinalProject/lib/junit_4/junit-4.10-sources.jar" />
    <property name="junit.available" value="true" />
    <property name="j2ee.server.instance" value="tomcat80:home=/home/juliosueiras/Servers/Tomcat8" />
    <property name="java.io.tmpdir" value="/tmp" />
    <property name="build.test.results.dir" value="build/test/results" />
    <property name="user.language" value="en" />
    <property name="org.apache.tools.ant.taskdefs.optional.junit.AggregateTransformer0" value="/tmp/null837076007" />
    <property name="line.separator" value="&#xa;" />
    <property name="libs.junit_4.displayName" value="JUnit 4.10" />
    <property name="javac.compilerargs" value="" />
    <property name="ant.file.finalProject" value="/root/java3FinalProject/build.xml" />
    <property name="ant.file.type" value="file" />
    <property name="war.name" value="finalProject.war" />
    <property name="jar.compress" value="false" />
    <property name="debug-transport-by-os" value="dt_socket" />
    <property name="libs.javaee-endorsed-api-7.0.classpath" value="/root/java3FinalProject/lib/javaee-endorsed-api-7.0/javax.annotation-api.jar:/root/java3FinalProject/lib/javaee-endorsed-api-7.0/javax.xml.soap-api.jar:/root/java3FinalProject/lib/javaee-endorsed-api-7.0/jaxb-api-osgi.jar:/root/java3FinalProject/lib/javaee-endorsed-api-7.0/jaxws-api.jar:/root/java3FinalProject/lib/javaee-endorsed-api-7.0/jsr181-api.jar" />
    <property name="java.vm.info" value="mixed mode" />
    <property name="javadoc.private" value="false" />
    <property name="annotation.processing.processors.list" value="" />
    <property name="java.vm.specification.name" value="Java Virtual Machine Specification" />
    <property name="build.test.classes.dir" value="build/test/classes" />
    <property name="jspc.dtds" value="/resources/dtds/" />
    <property name="test.binaryexcludes" value="" />
    <property name="compile.jsps" value="false" />
    <property name="no.dist.ear.dir" value="true" />
    <property name="platform.active" value="default_platform" />
    <property name="ap.cmd.line.internal" value="" />
    <property name="jdkBug6558476" value="false" />
    <property name="libs.junit_4.javadoc" value="/root/java3FinalProject/lib/junit_4/junit-4.10-javadoc.jar" />
    <property name="endorsed.classpath" value="${libs.javaee-endorsed-api-6.0.classpath}" />
    <property name="libs.javaee-web-api-7.0.classpath" value="/root/java3FinalProject/lib/javaee-web-api-7.0/javaee-web-api-7.0.jar" />
    <property name="javadoc.encoding" value="UTF-8" />
    <property name="java.awt.printerjob" value="sun.print.PSPrinterJob" />
    <property name="ap.processors.internal" value="" />
    <property name="ant.version" value="Apache Ant(TM) version 1.9.3 compiled on April 8 2014" />
    <property name="javadoc.nonavbar" value="false" />
    <property name="libs.javaee-endorsed-api-7.0.javadoc" value="/root/java3FinalProject/lib/javaee-endorsed-api-7.0/javaee-doc-api.jar" />
    <property name="libs.javaee-web-api-7.0.javadoc" value="/root/java3FinalProject/lib/javaee-web-api-7.0/javaee-doc-api.jar" />
    <property name="user.properties.file" value="/home/juliosueiras/.netbeans/8.0.1/build.properties" />
    <property name="auxiliary.org-netbeans-modules-css-prep.less_2e_enabled" value="false" />
    <property name="build.web.dir" value="build/web" />
    <property name="annotation.processing.source.output" value="build/generated-sources/ap-source-output" />
    <property name="j2ee.server.type" value="Tomcat" />
    <property name="build.generated.dir" value="build/generated" />
    <property name="os.name" value="Linux" />
    <property name="java.specification.vendor" value="Oracle Corporation" />
    <property name="run.test.classpath" value="/root/java3FinalProject/lib/javaee-web-api-7.0/javaee-web-api-7.0.jar:/root/java3FinalProject/lib/Java-EE-GlassFish-v3-Prelude/webservices-api-osgi.jar:/root/java3FinalProject/lib/Java-EE-GlassFish-v3-Prelude/javax.annotation-api.jar:/root/java3FinalProject/lib/Java-EE-GlassFish-v3-Prelude/jaxb-api.jar:/root/java3FinalProject/lib/Java-EE-GlassFish-v3-Prelude/javax.servlet.jsp.jstl.jar:/root/java3FinalProject/lib/Java-EE-GlassFish-v3-Prelude/javax.ejb-api.jar:/root/java3FinalProject/lib/Java-EE-GlassFish-v3-Prelude/javax.enterprise.concurrent-api.jar:/root/java3FinalProject/lib/Java-EE-GlassFish-v3-Prelude/javax.interceptor-api.jar:/root/java3FinalProject/lib/Java-EE-GlassFish-v3-Prelude/javax.ws.rs-api.jar:/root/java3FinalProject/lib/Java-EE-GlassFish-v3-Prelude/javax.enterprise.deploy-api.jar:/root/java3FinalProject/lib/Java-EE-GlassFish-v3-Prelude/javax.el.jar:/root/java3FinalProject/lib/Java-EE-GlassFish-v3-Prelude/javax.enterprise.concurrent.jar:/root/java3FinalProject/lib/Java-EE-GlassFish-v3-Prelude/javax.servlet.jsp-api.jar:/root/java3FinalProject/lib/Java-EE-GlassFish-v3-Prelude/javax.xml.registry-api.jar:/root/java3FinalProject/lib/Java-EE-GlassFish-v3-Prelude/javax.servlet.jsp.jar:/root/java3FinalProject/lib/Java-EE-GlassFish-v3-Prelude/javax.security.auth.message-api.jar:/root/java3FinalProject/lib/Java-EE-GlassFish-v3-Prelude/javax.websocket-api.jar:/root/java3FinalProject/lib/Java-EE-GlassFish-v3-Prelude/javax.resource-api.jar:/root/java3FinalProject/lib/Java-EE-GlassFish-v3-Prelude/bean-validator.jar:/root/java3FinalProject/lib/Java-EE-GlassFish-v3-Prelude/webservices-osgi.jar:/root/java3FinalProject/lib/Java-EE-GlassFish-v3-Prelude/jaxb-osgi.jar:/root/java3FinalProject/lib/Java-EE-GlassFish-v3-Prelude/javax.json.jar:/root/java3FinalProject/lib/Java-EE-GlassFish-v3-Prelude/javax.batch-api.jar:/root/java3FinalProject/lib/Java-EE-GlassFish-v3-Prelude/javax.inject.jar:/root/java3FinalProject/lib/Java-EE-GlassFish-v3-Prelude/javax.servlet.jsp.jstl-api.jar:/root/java3FinalProject/lib/Java-EE-GlassFish-v3-Prelude/javax.persistence.jar:/root/java3FinalProject/lib/Java-EE-GlassFish-v3-Prelude/javax.servlet-api.jar:/root/java3FinalProject/lib/Java-EE-GlassFish-v3-Prelude/javax.mail.jar:/root/java3FinalProject/lib/Java-EE-GlassFish-v3-Prelude/javax.faces.jar:/root/java3FinalProject/lib/Java-EE-GlassFish-v3-Prelude/javax.management.j2ee-api.jar:/root/java3FinalProject/lib/Java-EE-GlassFish-v3-Prelude/javax.security.jacc-api.jar:/root/java3FinalProject/lib/Java-EE-GlassFish-v3-Prelude/weld-osgi-bundle.jar:/root/java3FinalProject/lib/Java-EE-GlassFish-v3-Prelude/javax.xml.rpc-api.jar:/root/java3FinalProject/lib/Java-EE-GlassFish-v3-Prelude/javax.jms-api.jar:/root/java3FinalProject/lib/Java-EE-GlassFish-v3-Prelude/javax.transaction-api.jar:/root/java3FinalProject/lib/Java-EE-GlassFish-v3-Prelude/jaxm-api.jar:lib/pmd/pmd-bin-5.2.2-SNAPSHOT/lib/pmd-java-5.2.2-SNAPSHOT.jar:build/web/WEB-INF/classes:/root/java3FinalProject/lib/junit_4/junit-4.10.jar:build/test/classes" />
    <property name="java.vm.name" value="Java HotSpot(TM) 64-Bit Server VM" />
    <property name="ap.supported.internal" value="true" />
    <property name="java.library.path" value="/usr/java/packages/lib/amd64:/usr/lib64:/lib64:/lib:/usr/lib" />
    <property name="ant.java.version" value="1.8" />
    <property name="do.tmp.war.package" value="true" />
    <property name="basedir" value="/root/java3FinalProject" />
    <property name="javadoc.noindex" value="false" />
    <property name="java.class.version" value="52.0" />
    <property name="javac.test.classpath" value="/root/java3FinalProject/lib/javaee-web-api-7.0/javaee-web-api-7.0.jar:/root/java3FinalProject/lib/Java-EE-GlassFish-v3-Prelude/webservices-api-osgi.jar:/root/java3FinalProject/lib/Java-EE-GlassFish-v3-Prelude/javax.annotation-api.jar:/root/java3FinalProject/lib/Java-EE-GlassFish-v3-Prelude/jaxb-api.jar:/root/java3FinalProject/lib/Java-EE-GlassFish-v3-Prelude/javax.servlet.jsp.jstl.jar:/root/java3FinalProject/lib/Java-EE-GlassFish-v3-Prelude/javax.ejb-api.jar:/root/java3FinalProject/lib/Java-EE-GlassFish-v3-Prelude/javax.enterprise.concurrent-api.jar:/root/java3FinalProject/lib/Java-EE-GlassFish-v3-Prelude/javax.interceptor-api.jar:/root/java3FinalProject/lib/Java-EE-GlassFish-v3-Prelude/javax.ws.rs-api.jar:/root/java3FinalProject/lib/Java-EE-GlassFish-v3-Prelude/javax.enterprise.deploy-api.jar:/root/java3FinalProject/lib/Java-EE-GlassFish-v3-Prelude/javax.el.jar:/root/java3FinalProject/lib/Java-EE-GlassFish-v3-Prelude/javax.enterprise.concurrent.jar:/root/java3FinalProject/lib/Java-EE-GlassFish-v3-Prelude/javax.servlet.jsp-api.jar:/root/java3FinalProject/lib/Java-EE-GlassFish-v3-Prelude/javax.xml.registry-api.jar:/root/java3FinalProject/lib/Java-EE-GlassFish-v3-Prelude/javax.servlet.jsp.jar:/root/java3FinalProject/lib/Java-EE-GlassFish-v3-Prelude/javax.security.auth.message-api.jar:/root/java3FinalProject/lib/Java-EE-GlassFish-v3-Prelude/javax.websocket-api.jar:/root/java3FinalProject/lib/Java-EE-GlassFish-v3-Prelude/javax.resource-api.jar:/root/java3FinalProject/lib/Java-EE-GlassFish-v3-Prelude/bean-validator.jar:/root/java3FinalProject/lib/Java-EE-GlassFish-v3-Prelude/webservices-osgi.jar:/root/java3FinalProject/lib/Java-EE-GlassFish-v3-Prelude/jaxb-osgi.jar:/root/java3FinalProject/lib/Java-EE-GlassFish-v3-Prelude/javax.json.jar:/root/java3FinalProject/lib/Java-EE-GlassFish-v3-Prelude/javax.batch-api.jar:/root/java3FinalProject/lib/Java-EE-GlassFish-v3-Prelude/javax.inject.jar:/root/java3FinalProject/lib/Java-EE-GlassFish-v3-Prelude/javax.servlet.jsp.jstl-api.jar:/root/java3FinalProject/lib/Java-EE-GlassFish-v3-Prelude/javax.persistence.jar:/root/java3FinalProject/lib/Java-EE-GlassFish-v3-Prelude/javax.servlet-api.jar:/root/java3FinalProject/lib/Java-EE-GlassFish-v3-Prelude/javax.mail.jar:/root/java3FinalProject/lib/Java-EE-GlassFish-v3-Prelude/javax.faces.jar:/root/java3FinalProject/lib/Java-EE-GlassFish-v3-Prelude/javax.management.j2ee-api.jar:/root/java3FinalProject/lib/Java-EE-GlassFish-v3-Prelude/javax.security.jacc-api.jar:/root/java3FinalProject/lib/Java-EE-GlassFish-v3-Prelude/weld-osgi-bundle.jar:/root/java3FinalProject/lib/Java-EE-GlassFish-v3-Prelude/javax.xml.rpc-api.jar:/root/java3FinalProject/lib/Java-EE-GlassFish-v3-Prelude/javax.jms-api.jar:/root/java3FinalProject/lib/Java-EE-GlassFish-v3-Prelude/javax.transaction-api.jar:/root/java3FinalProject/lib/Java-EE-GlassFish-v3-Prelude/jaxm-api.jar:lib/pmd/pmd-bin-5.2.2-SNAPSHOT/lib/pmd-java-5.2.2-SNAPSHOT.jar:build/web/WEB-INF/classes:/root/java3FinalProject/lib/junit_4/junit-4.10.jar" />
    <property name="j2ee.platform" value="1.7-web" />
    <property name="javac.processorpath" value="/root/java3FinalProject/lib/javaee-web-api-7.0/javaee-web-api-7.0.jar:/root/java3FinalProject/lib/Java-EE-GlassFish-v3-Prelude/webservices-api-osgi.jar:/root/java3FinalProject/lib/Java-EE-GlassFish-v3-Prelude/javax.annotation-api.jar:/root/java3FinalProject/lib/Java-EE-GlassFish-v3-Prelude/jaxb-api.jar:/root/java3FinalProject/lib/Java-EE-GlassFish-v3-Prelude/javax.servlet.jsp.jstl.jar:/root/java3FinalProject/lib/Java-EE-GlassFish-v3-Prelude/javax.ejb-api.jar:/root/java3FinalProject/lib/Java-EE-GlassFish-v3-Prelude/javax.enterprise.concurrent-api.jar:/root/java3FinalProject/lib/Java-EE-GlassFish-v3-Prelude/javax.interceptor-api.jar:/root/java3FinalProject/lib/Java-EE-GlassFish-v3-Prelude/javax.ws.rs-api.jar:/root/java3FinalProject/lib/Java-EE-GlassFish-v3-Prelude/javax.enterprise.deploy-api.jar:/root/java3FinalProject/lib/Java-EE-GlassFish-v3-Prelude/javax.el.jar:/root/java3FinalProject/lib/Java-EE-GlassFish-v3-Prelude/javax.enterprise.concurrent.jar:/root/java3FinalProject/lib/Java-EE-GlassFish-v3-Prelude/javax.servlet.jsp-api.jar:/root/java3FinalProject/lib/Java-EE-GlassFish-v3-Prelude/javax.xml.registry-api.jar:/root/java3FinalProject/lib/Java-EE-GlassFish-v3-Prelude/javax.servlet.jsp.jar:/root/java3FinalProject/lib/Java-EE-GlassFish-v3-Prelude/javax.security.auth.message-api.jar:/root/java3FinalProject/lib/Java-EE-GlassFish-v3-Prelude/javax.websocket-api.jar:/root/java3FinalProject/lib/Java-EE-GlassFish-v3-Prelude/javax.resource-api.jar:/root/java3FinalProject/lib/Java-EE-GlassFish-v3-Prelude/bean-validator.jar:/root/java3FinalProject/lib/Java-EE-GlassFish-v3-Prelude/webservices-osgi.jar:/root/java3FinalProject/lib/Java-EE-GlassFish-v3-Prelude/jaxb-osgi.jar:/root/java3FinalProject/lib/Java-EE-GlassFish-v3-Prelude/javax.json.jar:/root/java3FinalProject/lib/Java-EE-GlassFish-v3-Prelude/javax.batch-api.jar:/root/java3FinalProject/lib/Java-EE-GlassFish-v3-Prelude/javax.inject.jar:/root/java3FinalProject/lib/Java-EE-GlassFish-v3-Prelude/javax.servlet.jsp.jstl-api.jar:/root/java3FinalProject/lib/Java-EE-GlassFish-v3-Prelude/javax.persistence.jar:/root/java3FinalProject/lib/Java-EE-GlassFish-v3-Prelude/javax.servlet-api.jar:/root/java3FinalProject/lib/Java-EE-GlassFish-v3-Prelude/javax.mail.jar:/root/java3FinalProject/lib/Java-EE-GlassFish-v3-Prelude/javax.faces.jar:/root/java3FinalProject/lib/Java-EE-GlassFish-v3-Prelude/javax.management.j2ee-api.jar:/root/java3FinalProject/lib/Java-EE-GlassFish-v3-Prelude/javax.security.jacc-api.jar:/root/java3FinalProject/lib/Java-EE-GlassFish-v3-Prelude/weld-osgi-bundle.jar:/root/java3FinalProject/lib/Java-EE-GlassFish-v3-Prelude/javax.xml.rpc-api.jar:/root/java3FinalProject/lib/Java-EE-GlassFish-v3-Prelude/javax.jms-api.jar:/root/java3FinalProject/lib/Java-EE-GlassFish-v3-Prelude/javax.transaction-api.jar:/root/java3FinalProject/lib/Java-EE-GlassFish-v3-Prelude/jaxm-api.jar:lib/pmd/pmd-bin-5.2.2-SNAPSHOT/lib/pmd-java-5.2.2-SNAPSHOT.jar" />
    <property name="ant.home" value="/usr/share/ant" />
    <property name="resource.dir" value="setup" />
    <property name="javadoc.splitindex" value="true" />
    <property name="javac.test.processorpath" value="/root/java3FinalProject/lib/javaee-web-api-7.0/javaee-web-api-7.0.jar:/root/java3FinalProject/lib/Java-EE-GlassFish-v3-Prelude/webservices-api-osgi.jar:/root/java3FinalProject/lib/Java-EE-GlassFish-v3-Prelude/javax.annotation-api.jar:/root/java3FinalProject/lib/Java-EE-GlassFish-v3-Prelude/jaxb-api.jar:/root/java3FinalProject/lib/Java-EE-GlassFish-v3-Prelude/javax.servlet.jsp.jstl.jar:/root/java3FinalProject/lib/Java-EE-GlassFish-v3-Prelude/javax.ejb-api.jar:/root/java3FinalProject/lib/Java-EE-GlassFish-v3-Prelude/javax.enterprise.concurrent-api.jar:/root/java3FinalProject/lib/Java-EE-GlassFish-v3-Prelude/javax.interceptor-api.jar:/root/java3FinalProject/lib/Java-EE-GlassFish-v3-Prelude/javax.ws.rs-api.jar:/root/java3FinalProject/lib/Java-EE-GlassFish-v3-Prelude/javax.enterprise.deploy-api.jar:/root/java3FinalProject/lib/Java-EE-GlassFish-v3-Prelude/javax.el.jar:/root/java3FinalProject/lib/Java-EE-GlassFish-v3-Prelude/javax.enterprise.concurrent.jar:/root/java3FinalProject/lib/Java-EE-GlassFish-v3-Prelude/javax.servlet.jsp-api.jar:/root/java3FinalProject/lib/Java-EE-GlassFish-v3-Prelude/javax.xml.registry-api.jar:/root/java3FinalProject/lib/Java-EE-GlassFish-v3-Prelude/javax.servlet.jsp.jar:/root/java3FinalProject/lib/Java-EE-GlassFish-v3-Prelude/javax.security.auth.message-api.jar:/root/java3FinalProject/lib/Java-EE-GlassFish-v3-Prelude/javax.websocket-api.jar:/root/java3FinalProject/lib/Java-EE-GlassFish-v3-Prelude/javax.resource-api.jar:/root/java3FinalProject/lib/Java-EE-GlassFish-v3-Prelude/bean-validator.jar:/root/java3FinalProject/lib/Java-EE-GlassFish-v3-Prelude/webservices-osgi.jar:/root/java3FinalProject/lib/Java-EE-GlassFish-v3-Prelude/jaxb-osgi.jar:/root/java3FinalProject/lib/Java-EE-GlassFish-v3-Prelude/javax.json.jar:/root/java3FinalProject/lib/Java-EE-GlassFish-v3-Prelude/javax.batch-api.jar:/root/java3FinalProject/lib/Java-EE-GlassFish-v3-Prelude/javax.inject.jar:/root/java3FinalProject/lib/Java-EE-GlassFish-v3-Prelude/javax.servlet.jsp.jstl-api.jar:/root/java3FinalProject/lib/Java-EE-GlassFish-v3-Prelude/javax.persistence.jar:/root/java3FinalProject/lib/Java-EE-GlassFish-v3-Prelude/javax.servlet-api.jar:/root/java3FinalProject/lib/Java-EE-GlassFish-v3-Prelude/javax.mail.jar:/root/java3FinalProject/lib/Java-EE-GlassFish-v3-Prelude/javax.faces.jar:/root/java3FinalProject/lib/Java-EE-GlassFish-v3-Prelude/javax.management.j2ee-api.jar:/root/java3FinalProject/lib/Java-EE-GlassFish-v3-Prelude/javax.security.jacc-api.jar:/root/java3FinalProject/lib/Java-EE-GlassFish-v3-Prelude/weld-osgi-bundle.jar:/root/java3FinalProject/lib/Java-EE-GlassFish-v3-Prelude/javax.xml.rpc-api.jar:/root/java3FinalProject/lib/Java-EE-GlassFish-v3-Prelude/javax.jms-api.jar:/root/java3FinalProject/lib/Java-EE-GlassFish-v3-Prelude/javax.transaction-api.jar:/root/java3FinalProject/lib/Java-EE-GlassFish-v3-Prelude/jaxm-api.jar:lib/pmd/pmd-bin-5.2.2-SNAPSHOT/lib/pmd-java-5.2.2-SNAPSHOT.jar:build/web/WEB-INF/classes:/root/java3FinalProject/lib/junit_4/junit-4.10.jar" />
    <property name="javadoc.preview" value="true" />
    <property name="runmain.jvmargs" value="" />
    <property name="auxiliary.org-netbeans-modules-css-prep.less_2e_compiler_2e_options" value="" />
    <property name="test.binarytestincludes" value="" />
    <property name="libs.junit_4.classpath" value="/root/java3FinalProject/lib/junit_4/junit-4.10.jar" />
    <property name="j2ee.compile.on.save" value="true" />
    <property name="dist.archive.excludes" value="" />
    <property name="sun.boot.library.path" value="/usr/lib/jvm/java-8-oracle/jre/lib/amd64" />
    <property name="build.dir" value="build" />
    <property name="auxiliary.org-netbeans-modules-web-clientproject-api.js_2e_libs_2e_folder" value="js/libs" />
    <property name="war.content.additional" value="" />
    <property name="sun.management.compiler" value="HotSpot 64-Bit Tiered Compilers" />
    <property name="java.awt.graphicsenv" value="sun.awt.X11GraphicsEnvironment" />
    <property name="dist.ear.war" value="dist/finalProject.war" />
    <property name="libraries.dir.nativedirsep" value="/root/java3FinalProject/lib" />
    <property name="javadoc.encoding.used" value="UTF-8" />
    <property name="&lt;&lt;&lt;&lt;&lt;&lt;&lt;" value="HEAD" />
    <property name="javadoc.windowtitle" value="" />
    <property name="auxiliary.org-netbeans-modules-css-prep.sass_2e_mappings" value="/scss:/css" />
    <property name="j2ee.platform.classpath" value="/home/juliosueiras/Servers/Tomcat8/lib/annotations-api.jar:/home/juliosueiras/Servers/Tomcat8/lib/catalina-ant.jar:/home/juliosueiras/Servers/Tomcat8/lib/catalina-ha.jar:/home/juliosueiras/Servers/Tomcat8/lib/catalina-storeconfig.jar:/home/juliosueiras/Servers/Tomcat8/lib/catalina-tribes.jar:/home/juliosueiras/Servers/Tomcat8/lib/catalina.jar:/home/juliosueiras/Servers/Tomcat8/lib/ecj-4.4.jar:/home/juliosueiras/Servers/Tomcat8/lib/el-api.jar:/home/juliosueiras/Servers/Tomcat8/lib/jasper-el.jar:/home/juliosueiras/Servers/Tomcat8/lib/jasper.jar:/home/juliosueiras/Servers/Tomcat8/lib/jsp-api.jar:/home/juliosueiras/Servers/Tomcat8/lib/servlet-api.jar:/home/juliosueiras/Servers/Tomcat8/lib/tomcat-api.jar:/home/juliosueiras/Servers/Tomcat8/lib/tomcat-coyote.jar:/home/juliosueiras/Servers/Tomcat8/lib/tomcat-dbcp.jar:/home/juliosueiras/Servers/Tomcat8/lib/tomcat-i18n-es.jar:/home/juliosueiras/Servers/Tomcat8/lib/tomcat-i18n-fr.jar:/home/juliosueiras/Servers/Tomcat8/lib/tomcat-i18n-ja.jar:/home/juliosueiras/Servers/Tomcat8/lib/tomcat-jdbc.jar:/home/juliosueiras/Servers/Tomcat8/lib/tomcat-jni.jar:/home/juliosueiras/Servers/Tomcat8/lib/tomcat-spdy.jar:/home/juliosueiras/Servers/Tomcat8/lib/tomcat-util-scan.jar:/home/juliosueiras/Servers/Tomcat8/lib/tomcat-util.jar:/home/juliosueiras/Servers/Tomcat8/lib/tomcat-websocket.jar:/home/juliosueiras/Servers/Tomcat8/lib/websocket-api.jar" />
    <property name="libs.Java-EE-GlassFish-v3-Prelude.javadoc" value="/root/java3FinalProject/lib/Java-EE-GlassFish-v3-Prelude/javaee-doc-api.jar" />
    <property name="selected.browser" value="default" />
    <property name="annotation.processing.enabled" value="true" />
    <property name="run.jvmargs.ide" value="" />
    <property name="webinf.dir" value="web/WEB-INF" />
    <property name="nb.junit.single" value="false" />
    <property name="build.generated.sources.dir" value="build/generated-sources" />
    <property name="libs.CopyLibs.prop-version" value="2.0" />
    <property name="ant.project.name" value="finalProject" />
    <property name="java.vm.specification.version" value="1.8" />
    <property name="j2ee.copy.static.files.on.save" value="true" />
    <property name="awt.toolkit" value="sun.awt.X11.XToolkit" />
    <property name="javadoc.use" value="true" />
    <property name="sun.cpu.isalist" value="" />
    <property name="java.ext.dirs" value="/usr/lib/jvm/java-8-oracle/jre/lib/ext:/usr/java/packages/lib/ext" />
    <property name="os.version" value="3.13.0-32-generic" />
    <property name="excludes" value="" />
    <property name="user.home" value="/root" />
    <property name="libraries.basename" value="nblibraries" />
    <property name="java.vm.vendor" value="Oracle Corporation" />
    <property name="libs.javaee-web-api-7.0.prop-maven-dependencies" value="javax:javaee-web-api:7.0:jar" />
    <property name="user.dir" value="/root/java3FinalProject" />
    <property name="debug-transport" value="dt_socket" />
    <property name="&gt;&gt;&gt;&gt;&gt;&gt;&gt;" value="0aa71bbd04b4de12dcb8d7fbdd8a20c6b56eec83" />
    <property name="sun.cpu.endian" value="little" />
    <property name="ant.file.type.finalProject-impl" value="file" />
    <property name="endorsed.classpath.cmd.line.arg" value="-Xbootclasspath/p:&apos;/root/java3FinalProject/${libs.javaee-endorsed-api-6.0.classpath}&apos;" />
    <property name="libraries.dir" value="/root/java3FinalProject/lib" />
    <property name="java.vm.version" value="25.25-b02" />
    <property name="test.binaryincludes" value="&lt;nothing&gt;" />
    <property name="dist.war" value="dist/finalProject.war" />
    <property name="java.class.path" value="/root/java3FinalProject/lib/javaee-web-api-7.0/javaee-web-api-7.0.jar:/root/java3FinalProject/lib/Java-EE-GlassFish-v3-Prelude/webservices-api-osgi.jar:/root/java3FinalProject/lib/Java-EE-GlassFish-v3-Prelude/javax.annotation-api.jar:/root/java3FinalProject/lib/Java-EE-GlassFish-v3-Prelude/jaxb-api.jar:/root/java3FinalProject/lib/Java-EE-GlassFish-v3-Prelude/javax.servlet.jsp.jstl.jar:/root/java3FinalProject/lib/Java-EE-GlassFish-v3-Prelude/javax.ejb-api.jar:/root/java3FinalProject/lib/Java-EE-GlassFish-v3-Prelude/javax.enterprise.concurrent-api.jar:/root/java3FinalProject/lib/Java-EE-GlassFish-v3-Prelude/javax.interceptor-api.jar:/root/java3FinalProject/lib/Java-EE-GlassFish-v3-Prelude/javax.ws.rs-api.jar:/root/java3FinalProject/lib/Java-EE-GlassFish-v3-Prelude/javax.enterprise.deploy-api.jar:/root/java3FinalProject/lib/Java-EE-GlassFish-v3-Prelude/javax.el.jar:/root/java3FinalProject/lib/Java-EE-GlassFish-v3-Prelude/javax.enterprise.concurrent.jar:/root/java3FinalProject/lib/Java-EE-GlassFish-v3-Prelude/javax.servlet.jsp-api.jar:/root/java3FinalProject/lib/Java-EE-GlassFish-v3-Prelude/javax.xml.registry-api.jar:/root/java3FinalProject/lib/Java-EE-GlassFish-v3-Prelude/javax.servlet.jsp.jar:/root/java3FinalProject/lib/Java-EE-GlassFish-v3-Prelude/javax.security.auth.message-api.jar:/root/java3FinalProject/lib/Java-EE-GlassFish-v3-Prelude/javax.websocket-api.jar:/root/java3FinalProject/lib/Java-EE-GlassFish-v3-Prelude/javax.resource-api.jar:/root/java3FinalProject/lib/Java-EE-GlassFish-v3-Prelude/bean-validator.jar:/root/java3FinalProject/lib/Java-EE-GlassFish-v3-Prelude/webservices-osgi.jar:/root/java3FinalProject/lib/Java-EE-GlassFish-v3-Prelude/jaxb-osgi.jar:/root/java3FinalProject/lib/Java-EE-GlassFish-v3-Prelude/javax.json.jar:/root/java3FinalProject/lib/Java-EE-GlassFish-v3-Prelude/javax.batch-api.jar:/root/java3FinalProject/lib/Java-EE-GlassFish-v3-Prelude/javax.inject.jar:/root/java3FinalProject/lib/Java-EE-GlassFish-v3-Prelude/javax.servlet.jsp.jstl-api.jar:/root/java3FinalProject/lib/Java-EE-GlassFish-v3-Prelude/javax.persistence.jar:/root/java3FinalProject/lib/Java-EE-GlassFish-v3-Prelude/javax.servlet-api.jar:/root/java3FinalProject/lib/Java-EE-GlassFish-v3-Prelude/javax.mail.jar:/root/java3FinalProject/lib/Java-EE-GlassFish-v3-Prelude/javax.faces.jar:/root/java3FinalProject/lib/Java-EE-GlassFish-v3-Prelude/javax.management.j2ee-api.jar:/root/java3FinalProject/lib/Java-EE-GlassFish-v3-Prelude/javax.security.jacc-api.jar:/root/java3FinalProject/lib/Java-EE-GlassFish-v3-Prelude/weld-osgi-bundle.jar:/root/java3FinalProject/lib/Java-EE-GlassFish-v3-Prelude/javax.xml.rpc-api.jar:/root/java3FinalProject/lib/Java-EE-GlassFish-v3-Prelude/javax.jms-api.jar:/root/java3FinalProject/lib/Java-EE-GlassFish-v3-Prelude/javax.transaction-api.jar:/root/java3FinalProject/lib/Java-EE-GlassFish-v3-Prelude/jaxm-api.jar:/root/java3FinalProject/lib/pmd/pmd-bin-5.2.2-SNAPSHOT/lib/pmd-java-5.2.2-SNAPSHOT.jar:/root/java3FinalProject/build/web/WEB-INF/classes:/root/java3FinalProject/lib/junit_4/junit-4.10.jar:/root/java3FinalProject/build/test/classes:/usr/share/ant/lib/junit.jar:/usr/share/java/ant-launcher-1.9.3.jar:/usr/share/ant/lib/ant.jar:/usr/share/ant/lib/ant-junit.jar:/usr/share/ant/lib/ant-junit4.jar" />
    <property name="tests.failed" value="true" />
    <property name="ant.library.dir" value="/usr/share/ant/lib" />
    <property name="os.arch" value="amd64" />
    <property name="javac.deprecation" value="false" />
    <property name="build.classes.excludes" value="**/*.java,**/*.form" />
    <property name="dist.dir" value="dist" />
    <property name="debug.classpath" value="build/web/WEB-INF/classes:/root/java3FinalProject/lib/javaee-web-api-7.0/javaee-web-api-7.0.jar:/root/java3FinalProject/lib/Java-EE-GlassFish-v3-Prelude/webservices-api-osgi.jar:/root/java3FinalProject/lib/Java-EE-GlassFish-v3-Prelude/javax.annotation-api.jar:/root/java3FinalProject/lib/Java-EE-GlassFish-v3-Prelude/jaxb-api.jar:/root/java3FinalProject/lib/Java-EE-GlassFish-v3-Prelude/javax.servlet.jsp.jstl.jar:/root/java3FinalProject/lib/Java-EE-GlassFish-v3-Prelude/javax.ejb-api.jar:/root/java3FinalProject/lib/Java-EE-GlassFish-v3-Prelude/javax.enterprise.concurrent-api.jar:/root/java3FinalProject/lib/Java-EE-GlassFish-v3-Prelude/javax.interceptor-api.jar:/root/java3FinalProject/lib/Java-EE-GlassFish-v3-Prelude/javax.ws.rs-api.jar:/root/java3FinalProject/lib/Java-EE-GlassFish-v3-Prelude/javax.enterprise.deploy-api.jar:/root/java3FinalProject/lib/Java-EE-GlassFish-v3-Prelude/javax.el.jar:/root/java3FinalProject/lib/Java-EE-GlassFish-v3-Prelude/javax.enterprise.concurrent.jar:/root/java3FinalProject/lib/Java-EE-GlassFish-v3-Prelude/javax.servlet.jsp-api.jar:/root/java3FinalProject/lib/Java-EE-GlassFish-v3-Prelude/javax.xml.registry-api.jar:/root/java3FinalProject/lib/Java-EE-GlassFish-v3-Prelude/javax.servlet.jsp.jar:/root/java3FinalProject/lib/Java-EE-GlassFish-v3-Prelude/javax.security.auth.message-api.jar:/root/java3FinalProject/lib/Java-EE-GlassFish-v3-Prelude/javax.websocket-api.jar:/root/java3FinalProject/lib/Java-EE-GlassFish-v3-Prelude/javax.resource-api.jar:/root/java3FinalProject/lib/Java-EE-GlassFish-v3-Prelude/bean-validator.jar:/root/java3FinalProject/lib/Java-EE-GlassFish-v3-Prelude/webservices-osgi.jar:/root/java3FinalProject/lib/Java-EE-GlassFish-v3-Prelude/jaxb-osgi.jar:/root/java3FinalProject/lib/Java-EE-GlassFish-v3-Prelude/javax.json.jar:/root/java3FinalProject/lib/Java-EE-GlassFish-v3-Prelude/javax.batch-api.jar:/root/java3FinalProject/lib/Java-EE-GlassFish-v3-Prelude/javax.inject.jar:/root/java3FinalProject/lib/Java-EE-GlassFish-v3-Prelude/javax.servlet.jsp.jstl-api.jar:/root/java3FinalProject/lib/Java-EE-GlassFish-v3-Prelude/javax.persistence.jar:/root/java3FinalProject/lib/Java-EE-GlassFish-v3-Prelude/javax.servlet-api.jar:/root/java3FinalProject/lib/Java-EE-GlassFish-v3-Prelude/javax.mail.jar:/root/java3FinalProject/lib/Java-EE-GlassFish-v3-Prelude/javax.faces.jar:/root/java3FinalProject/lib/Java-EE-GlassFish-v3-Prelude/javax.management.j2ee-api.jar:/root/java3FinalProject/lib/Java-EE-GlassFish-v3-Prelude/javax.security.jacc-api.jar:/root/java3FinalProject/lib/Java-EE-GlassFish-v3-Prelude/weld-osgi-bundle.jar:/root/java3FinalProject/lib/Java-EE-GlassFish-v3-Prelude/javax.xml.rpc-api.jar:/root/java3FinalProject/lib/Java-EE-GlassFish-v3-Prelude/javax.jms-api.jar:/root/java3FinalProject/lib/Java-EE-GlassFish-v3-Prelude/javax.transaction-api.jar:/root/java3FinalProject/lib/Java-EE-GlassFish-v3-Prelude/jaxm-api.jar:lib/pmd/pmd-bin-5.2.2-SNAPSHOT/lib/pmd-java-5.2.2-SNAPSHOT.jar" />
    <property name="sun.java.launcher" value="SUN_STANDARD" />
    <property name="do.display.browser" value="true" />
    <property name="annotation.processing.enabled.in.editor" value="true" />
    <property name="ant.core.lib" value="/usr/share/ant/lib/ant.jar" />
    <property name="java.vm.specification.vendor" value="Oracle Corporation" />
    <property name="file.separator" value="/" />
    <property name="java.runtime.version" value="1.8.0_25-b17" />
    <property name="debug.test.classpath" value="/root/java3FinalProject/lib/javaee-web-api-7.0/javaee-web-api-7.0.jar:/root/java3FinalProject/lib/Java-EE-GlassFish-v3-Prelude/webservices-api-osgi.jar:/root/java3FinalProject/lib/Java-EE-GlassFish-v3-Prelude/javax.annotation-api.jar:/root/java3FinalProject/lib/Java-EE-GlassFish-v3-Prelude/jaxb-api.jar:/root/java3FinalProject/lib/Java-EE-GlassFish-v3-Prelude/javax.servlet.jsp.jstl.jar:/root/java3FinalProject/lib/Java-EE-GlassFish-v3-Prelude/javax.ejb-api.jar:/root/java3FinalProject/lib/Java-EE-GlassFish-v3-Prelude/javax.enterprise.concurrent-api.jar:/root/java3FinalProject/lib/Java-EE-GlassFish-v3-Prelude/javax.interceptor-api.jar:/root/java3FinalProject/lib/Java-EE-GlassFish-v3-Prelude/javax.ws.rs-api.jar:/root/java3FinalProject/lib/Java-EE-GlassFish-v3-Prelude/javax.enterprise.deploy-api.jar:/root/java3FinalProject/lib/Java-EE-GlassFish-v3-Prelude/javax.el.jar:/root/java3FinalProject/lib/Java-EE-GlassFish-v3-Prelude/javax.enterprise.concurrent.jar:/root/java3FinalProject/lib/Java-EE-GlassFish-v3-Prelude/javax.servlet.jsp-api.jar:/root/java3FinalProject/lib/Java-EE-GlassFish-v3-Prelude/javax.xml.registry-api.jar:/root/java3FinalProject/lib/Java-EE-GlassFish-v3-Prelude/javax.servlet.jsp.jar:/root/java3FinalProject/lib/Java-EE-GlassFish-v3-Prelude/javax.security.auth.message-api.jar:/root/java3FinalProject/lib/Java-EE-GlassFish-v3-Prelude/javax.websocket-api.jar:/root/java3FinalProject/lib/Java-EE-GlassFish-v3-Prelude/javax.resource-api.jar:/root/java3FinalProject/lib/Java-EE-GlassFish-v3-Prelude/bean-validator.jar:/root/java3FinalProject/lib/Java-EE-GlassFish-v3-Prelude/webservices-osgi.jar:/root/java3FinalProject/lib/Java-EE-GlassFish-v3-Prelude/jaxb-osgi.jar:/root/java3FinalProject/lib/Java-EE-GlassFish-v3-Prelude/javax.json.jar:/root/java3FinalProject/lib/Java-EE-GlassFish-v3-Prelude/javax.batch-api.jar:/root/java3FinalProject/lib/Java-EE-GlassFish-v3-Prelude/javax.inject.jar:/root/java3FinalProject/lib/Java-EE-GlassFish-v3-Prelude/javax.servlet.jsp.jstl-api.jar:/root/java3FinalProject/lib/Java-EE-GlassFish-v3-Prelude/javax.persistence.jar:/root/java3FinalProject/lib/Java-EE-GlassFish-v3-Prelude/javax.servlet-api.jar:/root/java3FinalProject/lib/Java-EE-GlassFish-v3-Prelude/javax.mail.jar:/root/java3FinalProject/lib/Java-EE-GlassFish-v3-Prelude/javax.faces.jar:/root/java3FinalProject/lib/Java-EE-GlassFish-v3-Prelude/javax.management.j2ee-api.jar:/root/java3FinalProject/lib/Java-EE-GlassFish-v3-Prelude/javax.security.jacc-api.jar:/root/java3FinalProject/lib/Java-EE-GlassFish-v3-Prelude/weld-osgi-bundle.jar:/root/java3FinalProject/lib/Java-EE-GlassFish-v3-Prelude/javax.xml.rpc-api.jar:/root/java3FinalProject/lib/Java-EE-GlassFish-v3-Prelude/javax.jms-api.jar:/root/java3FinalProject/lib/Java-EE-GlassFish-v3-Prelude/javax.transaction-api.jar:/root/java3FinalProject/lib/Java-EE-GlassFish-v3-Prelude/jaxm-api.jar:lib/pmd/pmd-bin-5.2.2-SNAPSHOT/lib/pmd-java-5.2.2-SNAPSHOT.jar:build/web/WEB-INF/classes:/root/java3FinalProject/lib/junit_4/junit-4.10.jar:build/test/classes" />
    <property name="sun.boot.class.path" value="/root/java3FinalProject/${libs.javaee-endorsed-api-6.0.classpath}:/usr/lib/jvm/java-8-oracle/jre/lib/resources.jar:/usr/lib/jvm/java-8-oracle/jre/lib/rt.jar:/usr/lib/jvm/java-8-oracle/jre/lib/sunrsasign.jar:/usr/lib/jvm/java-8-oracle/jre/lib/jsse.jar:/usr/lib/jvm/java-8-oracle/jre/lib/jce.jar:/usr/lib/jvm/java-8-oracle/jre/lib/charsets.jar:/usr/lib/jvm/java-8-oracle/jre/lib/jfr.jar:/usr/lib/jvm/java-8-oracle/jre/classes" />
    <property name="nb.junit.batch" value="true" />
    <property name="have.tests" value="true" />
    <property name="libs.junit_4.prop-maven-dependencies" value="junit:junit:4.10:jar" />
    <property name="libs.javaee-web-api-7.0.displayName" value="Java EE Web 7 API Library" />
    <property name="user.country" value="US" />
    <property name="javadoc.notree" value="false" />
    <property name="do.debug.server" value="true" />
    <property name="ant.file.type.finalProject" value="file" />
    <property name="javac.classpath" value="/root/java3FinalProject/lib/javaee-web-api-7.0/javaee-web-api-7.0.jar:/root/java3FinalProject/lib/Java-EE-GlassFish-v3-Prelude/webservices-api-osgi.jar:/root/java3FinalProject/lib/Java-EE-GlassFish-v3-Prelude/javax.annotation-api.jar:/root/java3FinalProject/lib/Java-EE-GlassFish-v3-Prelude/jaxb-api.jar:/root/java3FinalProject/lib/Java-EE-GlassFish-v3-Prelude/javax.servlet.jsp.jstl.jar:/root/java3FinalProject/lib/Java-EE-GlassFish-v3-Prelude/javax.ejb-api.jar:/root/java3FinalProject/lib/Java-EE-GlassFish-v3-Prelude/javax.enterprise.concurrent-api.jar:/root/java3FinalProject/lib/Java-EE-GlassFish-v3-Prelude/javax.interceptor-api.jar:/root/java3FinalProject/lib/Java-EE-GlassFish-v3-Prelude/javax.ws.rs-api.jar:/root/java3FinalProject/lib/Java-EE-GlassFish-v3-Prelude/javax.enterprise.deploy-api.jar:/root/java3FinalProject/lib/Java-EE-GlassFish-v3-Prelude/javax.el.jar:/root/java3FinalProject/lib/Java-EE-GlassFish-v3-Prelude/javax.enterprise.concurrent.jar:/root/java3FinalProject/lib/Java-EE-GlassFish-v3-Prelude/javax.servlet.jsp-api.jar:/root/java3FinalProject/lib/Java-EE-GlassFish-v3-Prelude/javax.xml.registry-api.jar:/root/java3FinalProject/lib/Java-EE-GlassFish-v3-Prelude/javax.servlet.jsp.jar:/root/java3FinalProject/lib/Java-EE-GlassFish-v3-Prelude/javax.security.auth.message-api.jar:/root/java3FinalProject/lib/Java-EE-GlassFish-v3-Prelude/javax.websocket-api.jar:/root/java3FinalProject/lib/Java-EE-GlassFish-v3-Prelude/javax.resource-api.jar:/root/java3FinalProject/lib/Java-EE-GlassFish-v3-Prelude/bean-validator.jar:/root/java3FinalProject/lib/Java-EE-GlassFish-v3-Prelude/webservices-osgi.jar:/root/java3FinalProject/lib/Java-EE-GlassFish-v3-Prelude/jaxb-osgi.jar:/root/java3FinalProject/lib/Java-EE-GlassFish-v3-Prelude/javax.json.jar:/root/java3FinalProject/lib/Java-EE-GlassFish-v3-Prelude/javax.batch-api.jar:/root/java3FinalProject/lib/Java-EE-GlassFish-v3-Prelude/javax.inject.jar:/root/java3FinalProject/lib/Java-EE-GlassFish-v3-Prelude/javax.servlet.jsp.jstl-api.jar:/root/java3FinalProject/lib/Java-EE-GlassFish-v3-Prelude/javax.persistence.jar:/root/java3FinalProject/lib/Java-EE-GlassFish-v3-Prelude/javax.servlet-api.jar:/root/java3FinalProject/lib/Java-EE-GlassFish-v3-Prelude/javax.mail.jar:/root/java3FinalProject/lib/Java-EE-GlassFish-v3-Prelude/javax.faces.jar:/root/java3FinalProject/lib/Java-EE-GlassFish-v3-Prelude/javax.management.j2ee-api.jar:/root/java3FinalProject/lib/Java-EE-GlassFish-v3-Prelude/javax.security.jacc-api.jar:/root/java3FinalProject/lib/Java-EE-GlassFish-v3-Prelude/weld-osgi-bundle.jar:/root/java3FinalProject/lib/Java-EE-GlassFish-v3-Prelude/javax.xml.rpc-api.jar:/root/java3FinalProject/lib/Java-EE-GlassFish-v3-Prelude/javax.jms-api.jar:/root/java3FinalProject/lib/Java-EE-GlassFish-v3-Prelude/javax.transaction-api.jar:/root/java3FinalProject/lib/Java-EE-GlassFish-v3-Prelude/jaxm-api.jar:lib/pmd/pmd-bin-5.2.2-SNAPSHOT/lib/pmd-java-5.2.2-SNAPSHOT.jar" />
    <property name="javadoc.additionalparam" value="" />
    <property name="default.javac.target" value="1.4" />
    <property name="build.classes.dir" value="build/web/WEB-INF/classes" />
    <property name="java.vendor" value="Oracle Corporation" />
    <property name="javac.target" value="1.8" />
    <property name="file.reference.pmd-java-5.2.2-SNAPSHOT.jar" value="lib/pmd/pmd-bin-5.2.2-SNAPSHOT/lib/pmd-java-5.2.2-SNAPSHOT.jar" />
    <property name="java.specification.version" value="1.8" />
    <property name="war.ear.name" value="finalProject.war" />
    <property name="j2ee.platform.embeddableejb.classpath" value="" />
    <property name="sun.arch.data.model" value="64" />
    <property name="" value="======" />
  </properties>
  <testcase classname="pricing.RentalBeanTest" name="testGetPickupYear" time="0.004" />
  <testcase classname="pricing.RentalBeanTest" name="testGetPickupHour" time="0.0" />
  <testcase classname="pricing.RentalBeanTest" name="testSetPickupHour" time="0.001" />
  <testcase classname="pricing.RentalBeanTest" name="testGetPickupMin" time="0.0" />
  <testcase classname="pricing.RentalBeanTest" name="testSetPickupMin" time="0.0" />
  <testcase classname="pricing.RentalBeanTest" name="testGetDropoffYear" time="0.0" />
  <testcase classname="pricing.RentalBeanTest" name="testSetDropoffYear" time="0.0" />
  <testcase classname="pricing.RentalBeanTest" name="testGetDropoffMon" time="0.0" />
  <testcase classname="pricing.RentalBeanTest" name="testSetDropoffMon" time="0.0" />
  <testcase classname="pricing.RentalBeanTest" name="testGetDropoffDay" time="0.0" />
  <testcase classname="pricing.RentalBeanTest" name="testSetDropoffDay" time="0.001" />
  <testcase classname="pricing.RentalBeanTest" name="testGetDropoffHour" time="0.0" />
  <testcase classname="pricing.RentalBeanTest" name="testSetDropoffHour" time="0.001" />
  <testcase classname="pricing.RentalBeanTest" name="testGetDropoffMin" time="0.0" />
  <testcase classname="pricing.RentalBeanTest" name="testSetDropoffMin" time="0.0" />
  <testcase classname="pricing.RentalBeanTest" name="testGetRentalType" time="0.007" />
  <testcase classname="pricing.RentalBeanTest" name="testSetRentalType" time="0.0" />
  <testcase classname="pricing.RentalBeanTest" name="testGetCardType" time="0.0" />
  <testcase classname="pricing.RentalBeanTest" name="testSetCardType" time="0.001" />
  <testcase classname="pricing.RentalBeanTest" name="testGetCardNumber" time="0.001" />
  <testcase classname="pricing.RentalBeanTest" name="testSetCardNumber" time="0.0" />
  <testcase classname="pricing.RentalBeanTest" name="testGetTaxRate" time="0.004" />
  <testcase classname="pricing.RentalBeanTest" name="testSetTaxRate" time="0.0" />
  <testcase classname="pricing.RentalBeanTest" name="testGetPrice" time="0.0" />
  <testcase classname="pricing.RentalBeanTest" name="testSetPrice" time="0.001" />
  <testcase classname="pricing.RentalBeanTest" name="testSetPriceSchedule" time="0.001" />
  <testcase classname="pricing.RentalBeanTest" name="testGetPriceSchedule" time="0.0" />
  <testcase classname="pricing.RentalBeanTest" name="testGetCustNumber" time="0.001" />
  <testcase classname="pricing.RentalBeanTest" name="testSetCustNumber" time="0.002" />
  <testcase classname="pricing.RentalBeanTest" name="testSetPickupYear" time="0.0" />
  <testcase classname="pricing.RentalBeanTest" name="testGetPickupMon" time="0.0" />
  <testcase classname="pricing.RentalBeanTest" name="testSetPickupMon" time="0.002" />
  <testcase classname="pricing.RentalBeanTest" name="testGetPickupDay" time="0.001" />
  <testcase classname="pricing.RentalBeanTest" name="testSetPickupDay" time="0.0" />
  <system-out><![CDATA[getPickupYear
getPickupHour
setPickupHour
getPickupMin
setPickupMin
getDropoffYear
setDropoffYear
getDropoffMon
setDropoffMon
getDropoffDay
setDropoffDay
getDropoffHour
setDropoffHour
getDropoffMin
setDropoffMin
getRentalType
setRentalType
getCardType
setCardType
getCardNumber
setCardNumber
getTaxRate
setTaxRate
getPrice
setPrice
setPriceSchedule
getPriceSchedule
getCustNumber
setCustNumber
setPickupYear
getPickupMon
setPickupMon
getPickupDay
setPickupDay
]]></system-out>
  <system-err><![CDATA[]]></system-err>
</testsuite>
