<?xml version="1.0" encoding="UTF-8"?>
<testsuite name="net.sourceforge.pmd.RuleSetFactoryTest" time="0.965" tests="39" errors="0" skipped="0" failures="0">
  <properties>
    <property name="java.runtime.name" value="Java(TM) SE Runtime Environment"/>
    <property name="sun.boot.library.path" value="/usr/lib/jvm/java-8-oracle/jre/lib/amd64"/>
    <property name="java.vm.version" value="25.25-b02"/>
    <property name="java.vm.vendor" value="Oracle Corporation"/>
    <property name="java.vendor.url" value="http://java.oracle.com/"/>
    <property name="path.separator" value=":"/>
    <property name="guice.disable.misplaced.annotation.check" value="true"/>
    <property name="java.vm.name" value="Java HotSpot(TM) 64-Bit Server VM"/>
    <property name="file.encoding.pkg" value="sun.io"/>
    <property name="user.country" value="US"/>
    <property name="sun.java.launcher" value="SUN_STANDARD"/>
    <property name="sun.os.patch.level" value="unknown"/>
    <property name="java.vm.specification.name" value="Java Virtual Machine Specification"/>
    <property name="user.dir" value="/root/java3FinalProject/lib/pmd/pmd-src-5.2.2-SNAPSHOT"/>
    <property name="java.runtime.version" value="1.8.0_25-b17"/>
    <property name="java.awt.graphicsenv" value="sun.awt.X11GraphicsEnvironment"/>
    <property name="java.endorsed.dirs" value="/usr/lib/jvm/java-8-oracle/jre/lib/endorsed"/>
    <property name="os.arch" value="amd64"/>
    <property name="java.io.tmpdir" value="/tmp"/>
    <property name="line.separator" value="&#10;"/>
    <property name="java.vm.specification.vendor" value="Oracle Corporation"/>
    <property name="os.name" value="Linux"/>
    <property name="classworlds.conf" value="/usr/share/maven/bin/m2.conf"/>
    <property name="sun.jnu.encoding" value="UTF-8"/>
    <property name="java.library.path" value="/usr/java/packages/lib/amd64:/usr/lib64:/lib64:/lib:/usr/lib"/>
    <property name="java.specification.name" value="Java Platform API Specification"/>
    <property name="java.class.version" value="52.0"/>
    <property name="sun.management.compiler" value="HotSpot 64-Bit Tiered Compilers"/>
    <property name="os.version" value="3.13.0-32-generic"/>
    <property name="user.home" value="/root"/>
    <property name="user.timezone" value="America/New_York"/>
    <property name="java.awt.printerjob" value="sun.print.PSPrinterJob"/>
    <property name="file.encoding" value="UTF-8"/>
    <property name="java.specification.version" value="1.8"/>
    <property name="user.name" value="root"/>
    <property name="java.class.path" value="/usr/share/maven/boot/plexus-classworlds-2.x.jar"/>
    <property name="java.vm.specification.version" value="1.8"/>
    <property name="sun.arch.data.model" value="64"/>
    <property name="java.home" value="/usr/lib/jvm/java-8-oracle/jre"/>
    <property name="sun.java.command" value="org.codehaus.plexus.classworlds.launcher.Launcher install"/>
    <property name="java.specification.vendor" value="Oracle Corporation"/>
    <property name="user.language" value="en"/>
    <property name="awt.toolkit" value="sun.awt.X11.XToolkit"/>
    <property name="java.vm.info" value="mixed mode"/>
    <property name="java.version" value="1.8.0_25"/>
    <property name="java.ext.dirs" value="/usr/lib/jvm/java-8-oracle/jre/lib/ext:/usr/java/packages/lib/ext"/>
    <property name="securerandom.source" value="file:/dev/./urandom"/>
    <property name="sun.boot.class.path" value="/usr/lib/jvm/java-8-oracle/jre/lib/resources.jar:/usr/lib/jvm/java-8-oracle/jre/lib/rt.jar:/usr/lib/jvm/java-8-oracle/jre/lib/sunrsasign.jar:/usr/lib/jvm/java-8-oracle/jre/lib/jsse.jar:/usr/lib/jvm/java-8-oracle/jre/lib/jce.jar:/usr/lib/jvm/java-8-oracle/jre/lib/charsets.jar:/usr/lib/jvm/java-8-oracle/jre/lib/jfr.jar:/usr/lib/jvm/java-8-oracle/jre/classes"/>
    <property name="java.vendor" value="Oracle Corporation"/>
    <property name="maven.home" value="/usr/share/maven"/>
    <property name="file.separator" value="/"/>
    <property name="java.vendor.url.bug" value="http://bugreport.sun.com/bugreport/"/>
    <property name="sun.cpu.endian" value="little"/>
    <property name="sun.io.unicode.encoding" value="UnicodeLittle"/>
    <property name="sun.cpu.isalist" value=""/>
  </properties>
  <testcase name="testRuleSetFileName" classname="net.sourceforge.pmd.RuleSetFactoryTest" time="0.166"/>
  <testcase name="testOverrideMessage" classname="net.sourceforge.pmd.RuleSetFactoryTest" time="0.013"/>
  <testcase name="testWrongRuleNameReferenced" classname="net.sourceforge.pmd.RuleSetFactoryTest" time="0.016"/>
  <testcase name="testWrongRuleNameExcluded" classname="net.sourceforge.pmd.RuleSetFactoryTest" time="0.031"/>
  <testcase name="testReferenceInternalToInternal" classname="net.sourceforge.pmd.RuleSetFactoryTest" time="0.007"/>
  <testcase name="testRuleSetReferenceWithDeprecatedRule" classname="net.sourceforge.pmd.RuleSetFactoryTest" time="0.036"/>
  <testcase name="testSingleRuleWithPriority" classname="net.sourceforge.pmd.RuleSetFactoryTest" time="0.004"/>
  <testcase name="testProps" classname="net.sourceforge.pmd.RuleSetFactoryTest" time="0.078"/>
  <testcase name="testXPath" classname="net.sourceforge.pmd.RuleSetFactoryTest" time="0.015"/>
  <testcase name="testRefs" classname="net.sourceforge.pmd.RuleSetFactoryTest" time="0.019"/>
  <testcase name="testMinimumLanugageVersion" classname="net.sourceforge.pmd.RuleSetFactoryTest" time="0.002"/>
  <testcase name="testIncorrectMaximumLanugageVersion" classname="net.sourceforge.pmd.RuleSetFactoryTest" time="0.01"/>
  <testcase name="testReferenceInternalToExternalChain" classname="net.sourceforge.pmd.RuleSetFactoryTest" time="0.054"/>
  <testcase name="testLanguage" classname="net.sourceforge.pmd.RuleSetFactoryTest" time="0.009"/>
  <testcase name="testExtendedReferences" classname="net.sourceforge.pmd.RuleSetFactoryTest" time="0.105"/>
  <testcase name="testExternalReferenceOverride" classname="net.sourceforge.pmd.RuleSetFactoryTest" time="0.02"/>
  <testcase name="testIncorrectLanguage" classname="net.sourceforge.pmd.RuleSetFactoryTest" time="0.002"/>
  <testcase name="testOverrideMessageOneElem" classname="net.sourceforge.pmd.RuleSetFactoryTest" time="0.013"/>
  <testcase name="testBug1202" classname="net.sourceforge.pmd.RuleSetFactoryTest" time="0.037"/>
  <testcase name="testSetPriority" classname="net.sourceforge.pmd.RuleSetFactoryTest" time="0.003"/>
  <testcase name="testSingleRule" classname="net.sourceforge.pmd.RuleSetFactoryTest" time="0.003"/>
  <testcase name="testInvertedMinimumMaximumLanugageVersions" classname="net.sourceforge.pmd.RuleSetFactoryTest" time="0.009"/>
  <testcase name="testReferenceInternalToExternal" classname="net.sourceforge.pmd.RuleSetFactoryTest" time="0.021"/>
  <testcase name="testDFAFlag" classname="net.sourceforge.pmd.RuleSetFactoryTest" time="0.001"/>
  <testcase name="testRuleSetNotFound" classname="net.sourceforge.pmd.RuleSetFactoryTest" time="0"/>
  <testcase name="testIncludeExcludePatterns" classname="net.sourceforge.pmd.RuleSetFactoryTest" time="0.001"/>
  <testcase name="testIncorrectMinimumLanugageVersion" classname="net.sourceforge.pmd.RuleSetFactoryTest" time="0.003"/>
  <testcase name="testFacadesOffByDefault" classname="net.sourceforge.pmd.RuleSetFactoryTest" time="0.01"/>
  <testcase name="testExternalReferences" classname="net.sourceforge.pmd.RuleSetFactoryTest" time="0.002"/>
  <testcase name="testReferenceInternalToInternalChain" classname="net.sourceforge.pmd.RuleSetFactoryTest" time="0.018"/>
  <testcase name="testReferencePriority" classname="net.sourceforge.pmd.RuleSetFactoryTest" time="0.224"/>
  <testcase name="testEmptyRuleSetFile" classname="net.sourceforge.pmd.RuleSetFactoryTest" time="0.002"/>
  <testcase name="testNoRuleSetFileName" classname="net.sourceforge.pmd.RuleSetFactoryTest" time="0.001"/>
  <testcase name="testMultipleRules" classname="net.sourceforge.pmd.RuleSetFactoryTest" time="0.002"/>
  <testcase name="testDirectDeprecatedRule" classname="net.sourceforge.pmd.RuleSetFactoryTest" time="0.001"/>
  <testcase name="testCreateEmptyRuleSet" classname="net.sourceforge.pmd.RuleSetFactoryTest" time="0.008"/>
  <testcase name="testReferenceToDeprecatedRule" classname="net.sourceforge.pmd.RuleSetFactoryTest" time="0.007"/>
  <testcase name="testMaximumLanugageVersion" classname="net.sourceforge.pmd.RuleSetFactoryTest" time="0.003"/>
  <testcase name="testIncorrectExternalRef" classname="net.sourceforge.pmd.RuleSetFactoryTest" time="0.009"/>
</testsuite>