<?xml version="1.0" encoding="UTF-8"?>
<testsuite name="net.sourceforge.pmd.stat.StatisticalRuleTest" time="0.198" tests="75" errors="0" skipped="0" failures="0">
  <properties>
    <property name="java.runtime.name" value="Java(TM) SE Runtime Environment"/>
    <property name="sun.boot.library.path" value="/usr/lib/jvm/java-8-oracle/jre/lib/amd64"/>
    <property name="java.vm.version" value="25.25-b02"/>
    <property name="java.vm.vendor" value="Oracle Corporation"/>
    <property name="java.vendor.url" value="http://java.oracle.com/"/>
    <property name="path.separator" value=":"/>
    <property name="guice.disable.misplaced.annotation.check" value="true"/>
    <property name="java.vm.name" value="Java HotSpot(TM) 64-Bit Server VM"/>
    <property name="file.encoding.pkg" value="sun.io"/>
    <property name="user.country" value="US"/>
    <property name="sun.java.launcher" value="SUN_STANDARD"/>
    <property name="sun.os.patch.level" value="unknown"/>
    <property name="java.vm.specification.name" value="Java Virtual Machine Specification"/>
    <property name="user.dir" value="/root/java3FinalProject/lib/pmd/pmd-src-5.2.2-SNAPSHOT"/>
    <property name="java.runtime.version" value="1.8.0_25-b17"/>
    <property name="java.awt.graphicsenv" value="sun.awt.X11GraphicsEnvironment"/>
    <property name="java.endorsed.dirs" value="/usr/lib/jvm/java-8-oracle/jre/lib/endorsed"/>
    <property name="os.arch" value="amd64"/>
    <property name="java.io.tmpdir" value="/tmp"/>
    <property name="line.separator" value="&#10;"/>
    <property name="java.vm.specification.vendor" value="Oracle Corporation"/>
    <property name="os.name" value="Linux"/>
    <property name="classworlds.conf" value="/usr/share/maven/bin/m2.conf"/>
    <property name="sun.jnu.encoding" value="UTF-8"/>
    <property name="java.library.path" value="/usr/java/packages/lib/amd64:/usr/lib64:/lib64:/lib:/usr/lib"/>
    <property name="java.specification.name" value="Java Platform API Specification"/>
    <property name="java.class.version" value="52.0"/>
    <property name="sun.management.compiler" value="HotSpot 64-Bit Tiered Compilers"/>
    <property name="os.version" value="3.13.0-32-generic"/>
    <property name="user.home" value="/root"/>
    <property name="user.timezone" value="America/New_York"/>
    <property name="java.awt.printerjob" value="sun.print.PSPrinterJob"/>
    <property name="file.encoding" value="UTF-8"/>
    <property name="java.specification.version" value="1.8"/>
    <property name="user.name" value="root"/>
    <property name="java.class.path" value="/usr/share/maven/boot/plexus-classworlds-2.x.jar"/>
    <property name="java.vm.specification.version" value="1.8"/>
    <property name="sun.arch.data.model" value="64"/>
    <property name="java.home" value="/usr/lib/jvm/java-8-oracle/jre"/>
    <property name="sun.java.command" value="org.codehaus.plexus.classworlds.launcher.Launcher install"/>
    <property name="java.specification.vendor" value="Oracle Corporation"/>
    <property name="user.language" value="en"/>
    <property name="awt.toolkit" value="sun.awt.X11.XToolkit"/>
    <property name="java.vm.info" value="mixed mode"/>
    <property name="java.version" value="1.8.0_25"/>
    <property name="java.ext.dirs" value="/usr/lib/jvm/java-8-oracle/jre/lib/ext:/usr/java/packages/lib/ext"/>
    <property name="securerandom.source" value="file:/dev/./urandom"/>
    <property name="sun.boot.class.path" value="/usr/lib/jvm/java-8-oracle/jre/lib/resources.jar:/usr/lib/jvm/java-8-oracle/jre/lib/rt.jar:/usr/lib/jvm/java-8-oracle/jre/lib/sunrsasign.jar:/usr/lib/jvm/java-8-oracle/jre/lib/jsse.jar:/usr/lib/jvm/java-8-oracle/jre/lib/jce.jar:/usr/lib/jvm/java-8-oracle/jre/lib/charsets.jar:/usr/lib/jvm/java-8-oracle/jre/lib/jfr.jar:/usr/lib/jvm/java-8-oracle/jre/classes"/>
    <property name="java.vendor" value="Oracle Corporation"/>
    <property name="maven.home" value="/usr/share/maven"/>
    <property name="file.separator" value="/"/>
    <property name="java.vendor.url.bug" value="http://bugreport.sun.com/bugreport/"/>
    <property name="sun.cpu.endian" value="little"/>
    <property name="sun.io.unicode.encoding" value="UnicodeLittle"/>
    <property name="sun.cpu.isalist" value=""/>
  </properties>
  <testcase name="testExpectedMinimum" classname="net.sourceforge.pmd.stat.StatisticalRuleTest" time="0.004"/>
  <testcase name="testMS1" classname="net.sourceforge.pmd.stat.StatisticalRuleTest" time="0.007"/>
  <testcase name="testMS2" classname="net.sourceforge.pmd.stat.StatisticalRuleTest" time="0.004"/>
  <testcase name="testMS3" classname="net.sourceforge.pmd.stat.StatisticalRuleTest" time="0.008"/>
  <testcase name="testMS4" classname="net.sourceforge.pmd.stat.StatisticalRuleTest" time="0.005"/>
  <testcase name="testMS5" classname="net.sourceforge.pmd.stat.StatisticalRuleTest" time="0.008"/>
  <testcase name="testMT1" classname="net.sourceforge.pmd.stat.StatisticalRuleTest" time="0.001"/>
  <testcase name="testMT2" classname="net.sourceforge.pmd.stat.StatisticalRuleTest" time="0.007"/>
  <testcase name="testMT3" classname="net.sourceforge.pmd.stat.StatisticalRuleTest" time="0.006"/>
  <testcase name="testMT4" classname="net.sourceforge.pmd.stat.StatisticalRuleTest" time="0.003"/>
  <testcase name="testMT5" classname="net.sourceforge.pmd.stat.StatisticalRuleTest" time="0.004"/>
  <testcase name="testSM1" classname="net.sourceforge.pmd.stat.StatisticalRuleTest" time="0.006"/>
  <testcase name="testSM2" classname="net.sourceforge.pmd.stat.StatisticalRuleTest" time="0.001"/>
  <testcase name="testSM3" classname="net.sourceforge.pmd.stat.StatisticalRuleTest" time="0.003"/>
  <testcase name="testSM4" classname="net.sourceforge.pmd.stat.StatisticalRuleTest" time="0.016"/>
  <testcase name="testSM5" classname="net.sourceforge.pmd.stat.StatisticalRuleTest" time="0.007"/>
  <testcase name="testSMT" classname="net.sourceforge.pmd.stat.StatisticalRuleTest" time="0.003"/>
  <testcase name="testST1" classname="net.sourceforge.pmd.stat.StatisticalRuleTest" time="0.001"/>
  <testcase name="testST2" classname="net.sourceforge.pmd.stat.StatisticalRuleTest" time="0.004"/>
  <testcase name="testST3" classname="net.sourceforge.pmd.stat.StatisticalRuleTest" time="0.008"/>
  <testcase name="testST4" classname="net.sourceforge.pmd.stat.StatisticalRuleTest" time="0.001"/>
  <testcase name="testST5" classname="net.sourceforge.pmd.stat.StatisticalRuleTest" time="0.001"/>
  <testcase name="testSTM" classname="net.sourceforge.pmd.stat.StatisticalRuleTest" time="0.001"/>
  <testcase name="testTM1" classname="net.sourceforge.pmd.stat.StatisticalRuleTest" time="0.001"/>
  <testcase name="testTM2" classname="net.sourceforge.pmd.stat.StatisticalRuleTest" time="0.001"/>
  <testcase name="testTM3" classname="net.sourceforge.pmd.stat.StatisticalRuleTest" time="0.001"/>
  <testcase name="testTM4" classname="net.sourceforge.pmd.stat.StatisticalRuleTest" time="0.001"/>
  <testcase name="testTM5" classname="net.sourceforge.pmd.stat.StatisticalRuleTest" time="0.001"/>
  <testcase name="testTMS" classname="net.sourceforge.pmd.stat.StatisticalRuleTest" time="0.003"/>
  <testcase name="testTS1" classname="net.sourceforge.pmd.stat.StatisticalRuleTest" time="0.001"/>
  <testcase name="testTS2" classname="net.sourceforge.pmd.stat.StatisticalRuleTest" time="0.005"/>
  <testcase name="testTS3" classname="net.sourceforge.pmd.stat.StatisticalRuleTest" time="0.002"/>
  <testcase name="testTS4" classname="net.sourceforge.pmd.stat.StatisticalRuleTest" time="0.001"/>
  <testcase name="testTS5" classname="net.sourceforge.pmd.stat.StatisticalRuleTest" time="0.001"/>
  <testcase name="testSMT1" classname="net.sourceforge.pmd.stat.StatisticalRuleTest" time="0.005"/>
  <testcase name="testSMT2" classname="net.sourceforge.pmd.stat.StatisticalRuleTest" time="0.001"/>
  <testcase name="testSMT3" classname="net.sourceforge.pmd.stat.StatisticalRuleTest" time="0.001"/>
  <testcase name="testSMT4" classname="net.sourceforge.pmd.stat.StatisticalRuleTest" time="0.001"/>
  <testcase name="testSMT5" classname="net.sourceforge.pmd.stat.StatisticalRuleTest" time="0.002"/>
  <testcase name="testSTM1" classname="net.sourceforge.pmd.stat.StatisticalRuleTest" time="0.006"/>
  <testcase name="testSTM2" classname="net.sourceforge.pmd.stat.StatisticalRuleTest" time="0.001"/>
  <testcase name="testSTM3" classname="net.sourceforge.pmd.stat.StatisticalRuleTest" time="0"/>
  <testcase name="testSTM4" classname="net.sourceforge.pmd.stat.StatisticalRuleTest" time="0.001"/>
  <testcase name="testSTM5" classname="net.sourceforge.pmd.stat.StatisticalRuleTest" time="0"/>
  <testcase name="testTMS1" classname="net.sourceforge.pmd.stat.StatisticalRuleTest" time="0"/>
  <testcase name="testTMS2" classname="net.sourceforge.pmd.stat.StatisticalRuleTest" time="0.001"/>
  <testcase name="testTMS3" classname="net.sourceforge.pmd.stat.StatisticalRuleTest" time="0.001"/>
  <testcase name="testTMS4" classname="net.sourceforge.pmd.stat.StatisticalRuleTest" time="0.006"/>
  <testcase name="testTMS5" classname="net.sourceforge.pmd.stat.StatisticalRuleTest" time="0.001"/>
  <testcase name="testM1" classname="net.sourceforge.pmd.stat.StatisticalRuleTest" time="0.001"/>
  <testcase name="testM2" classname="net.sourceforge.pmd.stat.StatisticalRuleTest" time="0.004"/>
  <testcase name="testM3" classname="net.sourceforge.pmd.stat.StatisticalRuleTest" time="0.001"/>
  <testcase name="testM4" classname="net.sourceforge.pmd.stat.StatisticalRuleTest" time="0.001"/>
  <testcase name="testM5" classname="net.sourceforge.pmd.stat.StatisticalRuleTest" time="0.001"/>
  <testcase name="testMS" classname="net.sourceforge.pmd.stat.StatisticalRuleTest" time="0"/>
  <testcase name="testMT" classname="net.sourceforge.pmd.stat.StatisticalRuleTest" time="0.001"/>
  <testcase name="testS1" classname="net.sourceforge.pmd.stat.StatisticalRuleTest" time="0.007"/>
  <testcase name="testS2" classname="net.sourceforge.pmd.stat.StatisticalRuleTest" time="0.003"/>
  <testcase name="testS3" classname="net.sourceforge.pmd.stat.StatisticalRuleTest" time="0.005"/>
  <testcase name="testS4" classname="net.sourceforge.pmd.stat.StatisticalRuleTest" time="0.001"/>
  <testcase name="testS5" classname="net.sourceforge.pmd.stat.StatisticalRuleTest" time="0.001"/>
  <testcase name="testSM" classname="net.sourceforge.pmd.stat.StatisticalRuleTest" time="0.001"/>
  <testcase name="testT1" classname="net.sourceforge.pmd.stat.StatisticalRuleTest" time="0.002"/>
  <testcase name="testT2" classname="net.sourceforge.pmd.stat.StatisticalRuleTest" time="0.001"/>
  <testcase name="testT3" classname="net.sourceforge.pmd.stat.StatisticalRuleTest" time="0.002"/>
  <testcase name="testT4" classname="net.sourceforge.pmd.stat.StatisticalRuleTest" time="0.001"/>
  <testcase name="testST" classname="net.sourceforge.pmd.stat.StatisticalRuleTest" time="0.001"/>
  <testcase name="testT5" classname="net.sourceforge.pmd.stat.StatisticalRuleTest" time="0.001"/>
  <testcase name="testTM" classname="net.sourceforge.pmd.stat.StatisticalRuleTest" time="0"/>
  <testcase name="testTS" classname="net.sourceforge.pmd.stat.StatisticalRuleTest" time="0.001"/>
  <testcase name="testM" classname="net.sourceforge.pmd.stat.StatisticalRuleTest" time="0.001"/>
  <testcase name="testS" classname="net.sourceforge.pmd.stat.StatisticalRuleTest" time="0.001"/>
  <testcase name="testT" classname="net.sourceforge.pmd.stat.StatisticalRuleTest" time="0.001"/>
  <testcase name="testSingleDatapoint" classname="net.sourceforge.pmd.stat.StatisticalRuleTest" time="0.001"/>
  <testcase name="testMetrics" classname="net.sourceforge.pmd.stat.StatisticalRuleTest" time="0.004"/>
</testsuite>